<?xml version="1.0" encoding="UTF-8"?>
<!-- Generated by org.testng.reporters.JUnitXMLReporter -->
<testsuite ignored="0" hostname="LAPTOP-9T626G8D" failures="0" tests="8" name="Default test" time="11.125" errors="0" timestamp="2023-08-09T05:39:10 IST">
  <testcase classname="com.visualcrossing.tests.VisualCrossingUITest" name="testWeatherForecast" time="2.795"/>
  <testcase classname="com.visualcrossing.tests.VisualCrossingUITest" name="testDefaultValueOfTemp" time="1.091"/>
  <testcase classname="com.visualcrossing.tests.VisualCrossingUITest" name="testDefaultValueOfFeelsLike" time="0.025"/>
  <testcase classname="com.visualcrossing.tests.VisualCrossingUITest" name="testDefaultValueOfRain" time="0.021"/>
  <testcase classname="com.visualcrossing.tests.VisualCrossingUITest" name="testDefaultValueOfWind" time="0.023"/>
  <testcase classname="com.visualcrossing.tests.VisualCrossingUITest" name="testValuesAfterClickingBtnFahrenheit" time="1.244"/>
  <testcase classname="com.visualcrossing.tests.VisualCrossingUITest" name="testOutlookPanelsCount" time="0.016"/>
  <testcase classname="com.visualcrossing.tests.VisualCrossingUITest" name="testOutlookDates" time="0.054"/>
</testsuite> <!-- Default test -->
