<?xml version="1.0" encoding="UTF-8"?>
<!-- Generated by org.testng.reporters.JUnitXMLReporter -->
<testsuite ignored="0" hostname="LAPTOP-9T626G8D" failures="0" tests="8" name="Test" time="11.006" errors="0" timestamp="2023-08-09T05:42:05 IST">
  <testcase classname="com.visualcrossing.tests.VisualCrossingUITest" name="testWeatherForecast" time="2.353"/>
  <testcase classname="com.visualcrossing.tests.VisualCrossingUITest" name="testDefaultValueOfTemp" time="0.919"/>
  <testcase classname="com.visualcrossing.tests.VisualCrossingUITest" name="testDefaultValueOfFeelsLike" time="0.027"/>
  <testcase classname="com.visualcrossing.tests.VisualCrossingUITest" name="testDefaultValueOfRain" time="0.017"/>
  <testcase classname="com.visualcrossing.tests.VisualCrossingUITest" name="testDefaultValueOfWind" time="0.019"/>
  <testcase classname="com.visualcrossing.tests.VisualCrossingUITest" name="testValuesAfterClickingBtnFahrenheit" time="1.269"/>
  <testcase classname="com.visualcrossing.tests.VisualCrossingUITest" name="testOutlookPanelsCount" time="0.019"/>
  <testcase classname="com.visualcrossing.tests.VisualCrossingUITest" name="testOutlookDates" time="0.062"/>
</testsuite> <!-- Test -->
